<?xml version="1.0" encoding="UTF-8"?>
<coverage generated="1649692482344" clover="3.2.0">
  <project timestamp="1649692482344" name="All files">
    <metrics statements="204" coveredstatements="182" conditionals="169" coveredconditionals="141" methods="14" coveredmethods="14" elements="387" coveredelements="337" complexity="0" loc="204" ncloc="204" packages="1" files="2" classes="2"/>
    <file name="bus_days_cals2.js" path="C:\Users\camar\OneDrive\Desktop\BusinessDays\bus_days_cals2.js">
      <metrics statements="19" coveredstatements="19" conditionals="13" coveredconditionals="12" methods="1" coveredmethods="1"/>
      <line num="2" count="1" type="stmt"/>
      <line num="6" count="1" type="cond" truecount="0" falsecount="1"/>
      <line num="7" count="4" type="stmt"/>
      <line num="8" count="4" type="stmt"/>
      <line num="9" count="4" type="cond" truecount="4" falsecount="0"/>
      <line num="10" count="3" type="cond" truecount="2" falsecount="0"/>
      <line num="11" count="1" type="stmt"/>
      <line num="14" count="3" type="stmt"/>
      <line num="15" count="3" type="stmt"/>
      <line num="16" count="3" type="stmt"/>
      <line num="17" count="122" type="cond" truecount="4" falsecount="0"/>
      <line num="18" count="80" type="stmt"/>
      <line num="19" count="42" type="cond" truecount="2" falsecount="0"/>
      <line num="20" count="1" type="stmt"/>
      <line num="22" count="122" type="stmt"/>
      <line num="23" count="122" type="stmt"/>
      <line num="26" count="3" type="stmt"/>
      <line num="32" count="1" type="stmt"/>
      <line num="40" count="1" type="stmt"/>
    </file>
    <file name="holiday.js" path="C:\Users\camar\OneDrive\Desktop\BusinessDays\holiday.js">
      <metrics statements="185" coveredstatements="163" conditionals="156" coveredconditionals="129" methods="13" coveredmethods="13"/>
      <line num="4" count="173" type="stmt"/>
      <line num="5" count="173" type="stmt"/>
      <line num="6" count="173" type="stmt"/>
      <line num="7" count="173" type="stmt"/>
      <line num="8" count="173" type="stmt"/>
      <line num="9" count="173" type="stmt"/>
      <line num="11" count="173" type="stmt"/>
      <line num="12" count="173" type="stmt"/>
      <line num="13" count="173" type="stmt"/>
      <line num="14" count="173" type="stmt"/>
      <line num="15" count="173" type="stmt"/>
      <line num="16" count="173" type="stmt"/>
      <line num="17" count="173" type="stmt"/>
      <line num="18" count="173" type="stmt"/>
      <line num="42" count="298" type="stmt"/>
      <line num="43" count="298" type="cond" truecount="2" falsecount="0"/>
      <line num="44" count="5" type="stmt"/>
      <line num="46" count="293" type="stmt"/>
      <line num="50" count="0" type="stmt"/>
      <line num="51" count="0" type="stmt"/>
      <line num="57" count="298" type="cond" truecount="2" falsecount="0"/>
      <line num="58" count="294" type="cond" truecount="2" falsecount="0"/>
      <line num="59" count="4" type="stmt"/>
      <line num="64" count="123" type="cond" truecount="3" falsecount="1"/>
      <line num="65" count="123" type="stmt"/>
      <line num="66" count="123" type="stmt"/>
      <line num="67" count="123" type="stmt"/>
      <line num="68" count="123" type="stmt"/>
      <line num="69" count="123" type="stmt"/>
      <line num="70" count="123" type="stmt"/>
      <line num="71" count="123" type="stmt"/>
      <line num="72" count="123" type="stmt"/>
      <line num="73" count="123" type="stmt"/>
      <line num="74" count="0" type="stmt"/>
      <line num="80" count="300" type="stmt"/>
      <line num="81" count="300" type="cond" truecount="3" falsecount="1"/>
      <line num="82" count="300" type="stmt"/>
      <line num="83" count="300" type="stmt"/>
      <line num="84" count="0" type="stmt"/>
      <line num="88" count="294" type="cond" truecount="1" falsecount="1"/>
      <line num="89" count="294" type="cond" truecount="5" falsecount="0"/>
      <line num="91" count="100" type="stmt"/>
      <line num="92" count="100" type="stmt"/>
      <line num="94" count="100" type="stmt"/>
      <line num="95" count="100" type="stmt"/>
      <line num="96" count="100" type="stmt"/>
      <line num="97" count="100" type="stmt"/>
      <line num="99" count="100" type="cond" truecount="4" falsecount="0"/>
      <line num="101" count="3" type="stmt"/>
      <line num="102" count="97" type="cond" truecount="4" falsecount="0"/>
      <line num="104" count="2" type="stmt"/>
      <line num="105" count="95" type="cond" truecount="4" falsecount="1"/>
      <line num="107" count="0" type="stmt"/>
      <line num="109" count="95" type="stmt"/>
      <line num="111" count="194" type="stmt"/>
      <line num="112" count="0" type="stmt"/>
      <line num="122" count="296" type="cond" truecount="1" falsecount="1"/>
      <line num="123" count="296" type="cond" truecount="7" falsecount="0"/>
      <line num="124" count="19" type="stmt"/>
      <line num="127" count="19" type="cond" truecount="4" falsecount="0"/>
      <line num="129" count="6" type="stmt"/>
      <line num="130" count="6" type="stmt"/>
      <line num="131" count="6" type="stmt"/>
      <line num="134" count="8" type="stmt"/>
      <line num="135" count="8" type="stmt"/>
      <line num="136" count="8" type="stmt"/>
      <line num="138" count="5" type="stmt"/>
      <line num="139" count="5" type="stmt"/>
      <line num="140" count="5" type="stmt"/>
      <line num="143" count="19" type="stmt"/>
      <line num="144" count="19" type="stmt"/>
      <line num="145" count="198" type="stmt"/>
      <line num="146" count="198" type="cond" truecount="2" falsecount="0"/>
      <line num="147" count="36" type="stmt"/>
      <line num="150" count="19" type="stmt"/>
      <line num="151" count="277" type="stmt"/>
      <line num="152" count="0" type="stmt"/>
      <line num="157" count="89" type="cond" truecount="1" falsecount="1"/>
      <line num="158" count="89" type="stmt"/>
      <line num="165" count="89" type="stmt"/>
      <line num="166" count="89" type="stmt"/>
      <line num="167" count="89" type="stmt"/>
      <line num="168" count="89" type="stmt"/>
      <line num="169" count="89" type="stmt"/>
      <line num="171" count="89" type="stmt"/>
      <line num="172" count="89" type="stmt"/>
      <line num="173" count="89" type="stmt"/>
      <line num="174" count="89" type="stmt"/>
      <line num="175" count="89" type="stmt"/>
      <line num="179" count="89" type="cond" truecount="3" falsecount="2"/>
      <line num="182" count="0" type="stmt"/>
      <line num="187" count="89" type="cond" truecount="1" falsecount="1"/>
      <line num="189" count="89" type="stmt"/>
      <line num="195" count="0" type="stmt"/>
      <line num="199" count="89" type="cond" truecount="1" falsecount="1"/>
      <line num="200" count="0" type="stmt"/>
      <line num="202" count="89" type="stmt"/>
      <line num="208" count="286" type="cond" truecount="1" falsecount="1"/>
      <line num="209" count="286" type="cond" truecount="5" falsecount="0"/>
      <line num="210" count="88" type="stmt"/>
      <line num="211" count="88" type="stmt"/>
      <line num="212" count="88" type="cond" truecount="2" falsecount="0"/>
      <line num="213" count="198" type="stmt"/>
      <line num="214" count="0" type="stmt"/>
      <line num="220" count="281" type="cond" truecount="1" falsecount="1"/>
      <line num="221" count="281" type="cond" truecount="4" falsecount="0"/>
      <line num="222" count="4" type="stmt"/>
      <line num="223" count="4" type="stmt"/>
      <line num="224" count="4" type="stmt"/>
      <line num="225" count="12" type="stmt"/>
      <line num="226" count="12" type="cond" truecount="2" falsecount="0"/>
      <line num="227" count="4" type="stmt"/>
      <line num="230" count="4" type="stmt"/>
      <line num="231" count="277" type="stmt"/>
      <line num="232" count="0" type="stmt"/>
      <line num="237" count="280" type="cond" truecount="1" falsecount="1"/>
      <line num="238" count="280" type="cond" truecount="4" falsecount="0"/>
      <line num="240" count="2" type="stmt"/>
      <line num="241" count="2" type="stmt"/>
      <line num="243" count="2" type="stmt"/>
      <line num="244" count="2" type="stmt"/>
      <line num="245" count="2" type="stmt"/>
      <line num="246" count="2" type="stmt"/>
      <line num="248" count="2" type="cond" truecount="3" falsecount="1"/>
      <line num="250" count="0" type="stmt"/>
      <line num="251" count="2" type="cond" truecount="2" falsecount="2"/>
      <line num="253" count="0" type="stmt"/>
      <line num="254" count="2" type="cond" truecount="4" falsecount="1"/>
      <line num="256" count="2" type="stmt"/>
      <line num="258" count="0" type="stmt"/>
      <line num="260" count="278" type="stmt"/>
      <line num="261" count="0" type="stmt"/>
      <line num="268" count="282" type="cond" truecount="1" falsecount="1"/>
      <line num="269" count="282" type="cond" truecount="4" falsecount="0"/>
      <line num="271" count="54" type="stmt"/>
      <line num="272" count="54" type="stmt"/>
      <line num="274" count="54" type="stmt"/>
      <line num="275" count="54" type="stmt"/>
      <line num="276" count="54" type="stmt"/>
      <line num="277" count="54" type="stmt"/>
      <line num="280" count="54" type="stmt"/>
      <line num="281" count="54" type="stmt"/>
      <line num="283" count="54" type="stmt"/>
      <line num="284" count="54" type="stmt"/>
      <line num="285" count="54" type="stmt"/>
      <line num="286" count="54" type="stmt"/>
      <line num="289" count="54" type="stmt"/>
      <line num="290" count="54" type="stmt"/>
      <line num="292" count="54" type="stmt"/>
      <line num="293" count="54" type="stmt"/>
      <line num="294" count="54" type="stmt"/>
      <line num="295" count="54" type="stmt"/>
      <line num="298" count="54" type="cond" truecount="5" falsecount="0"/>
      <line num="300" count="4" type="stmt"/>
      <line num="301" count="50" type="cond" truecount="4" falsecount="1"/>
      <line num="303" count="0" type="stmt"/>
      <line num="304" count="50" type="cond" truecount="5" falsecount="0"/>
      <line num="306" count="6" type="stmt"/>
      <line num="307" count="44" type="cond" truecount="4" falsecount="1"/>
      <line num="309" count="0" type="stmt"/>
      <line num="310" count="44" type="cond" truecount="4" falsecount="1"/>
      <line num="312" count="0" type="stmt"/>
      <line num="313" count="44" type="cond" truecount="4" falsecount="0"/>
      <line num="315" count="4" type="stmt"/>
      <line num="316" count="40" type="cond" truecount="4" falsecount="1"/>
      <line num="318" count="0" type="stmt"/>
      <line num="320" count="40" type="stmt"/>
      <line num="322" count="228" type="stmt"/>
      <line num="323" count="0" type="stmt"/>
      <line num="327" count="297" type="cond" truecount="2" falsecount="0"/>
      <line num="328" count="293" type="cond" truecount="4" falsecount="0"/>
      <line num="330" count="53" type="stmt"/>
      <line num="331" count="53" type="stmt"/>
      <line num="333" count="53" type="stmt"/>
      <line num="334" count="53" type="stmt"/>
      <line num="335" count="53" type="stmt"/>
      <line num="336" count="53" type="stmt"/>
      <line num="338" count="53" type="cond" truecount="5" falsecount="0"/>
      <line num="340" count="6" type="stmt"/>
      <line num="341" count="47" type="cond" truecount="4" falsecount="1"/>
      <line num="343" count="0" type="stmt"/>
      <line num="344" count="47" type="stmt"/>
      <line num="345" count="240" type="stmt"/>
      <line num="346" count="4" type="stmt"/>
      <line num="358" count="2" type="stmt"/>
    </file>
  </project>
</coverage>
