{"C:\\Users\\camar\\OneDrive\\Desktop\\BusinessDays\\bus_days_cals2.js": {"path":"C:\\Users\\camar\\OneDrive\\Desktop\\BusinessDays\\bus_days_cals2.js","statementMap":{"0":{"start":{"line":2,"column":16},"end":{"line":2,"column":36}},"1":{"start":{"line":6,"column":20},"end":{"line":38,"column":1}},"2":{"start":{"line":7,"column":15},"end":{"line":7,"column":31}},"3":{"start":{"line":8,"column":15},"end":{"line":8,"column":31}},"4":{"start":{"line":9,"column":4},"end":{"line":37,"column":6}},"5":{"start":{"line":10,"column":8},"end":{"line":12,"column":9}},"6":{"start":{"line":11,"column":12},"end":{"line":11,"column":40}},"7":{"start":{"line":14,"column":25},"end":{"line":14,"column":42}},"8":{"start":{"line":15,"column":23},"end":{"line":15,"column":24}},"9":{"start":{"line":15,"column":37},"end":{"line":15,"column":40}},"10":{"start":{"line":16,"column":8},"end":{"line":24,"column":56}},"11":{"start":{"line":17,"column":12},"end":{"line":21,"column":13}},"12":{"start":{"line":18,"column":16},"end":{"line":18,"column":27}},"13":{"start":{"line":19,"column":19},"end":{"line":21,"column":13}},"14":{"start":{"line":20,"column":16},"end":{"line":20,"column":42}},"15":{"start":{"line":22,"column":12},"end":{"line":22,"column":23}},"16":{"start":{"line":23,"column":12},"end":{"line":23,"column":59}},"17":{"start":{"line":26,"column":8},"end":{"line":31,"column":10}},"18":{"start":{"line":32,"column":11},"end":{"line":37,"column":6}},"19":{"start":{"line":40,"column":0},"end":{"line":40,"column":29}}},"fnMap":{"0":{"name":"(anonymous_0)","decl":{"start":{"line":6,"column":20},"end":{"line":6,"column":21}},"loc":{"start":{"line":6,"column":47},"end":{"line":38,"column":1}},"line":6}},"branchMap":{"0":{"loc":{"start":{"line":6,"column":26},"end":{"line":6,"column":42}},"type":"default-arg","locations":[{"start":{"line":6,"column":32},"end":{"line":6,"column":42}}],"line":6},"1":{"loc":{"start":{"line":9,"column":4},"end":{"line":37,"column":6}},"type":"if","locations":[{"start":{"line":9,"column":4},"end":{"line":37,"column":6}},{"start":{"line":32,"column":11},"end":{"line":37,"column":6}}],"line":9},"2":{"loc":{"start":{"line":9,"column":8},"end":{"line":9,"column":32}},"type":"binary-expr","locations":[{"start":{"line":9,"column":8},"end":{"line":9,"column":18}},{"start":{"line":9,"column":22},"end":{"line":9,"column":32}}],"line":9},"3":{"loc":{"start":{"line":10,"column":8},"end":{"line":12,"column":9}},"type":"if","locations":[{"start":{"line":10,"column":8},"end":{"line":12,"column":9}},{"start":{},"end":{}}],"line":10},"4":{"loc":{"start":{"line":17,"column":12},"end":{"line":21,"column":13}},"type":"if","locations":[{"start":{"line":17,"column":12},"end":{"line":21,"column":13}},{"start":{"line":19,"column":19},"end":{"line":21,"column":13}}],"line":17},"5":{"loc":{"start":{"line":17,"column":16},"end":{"line":17,"column":60}},"type":"binary-expr","locations":[{"start":{"line":17,"column":16},"end":{"line":17,"column":36}},{"start":{"line":17,"column":40},"end":{"line":17,"column":60}}],"line":17},"6":{"loc":{"start":{"line":19,"column":19},"end":{"line":21,"column":13}},"type":"if","locations":[{"start":{"line":19,"column":19},"end":{"line":21,"column":13}},{"start":{},"end":{}}],"line":19}},"s":{"0":1,"1":1,"2":4,"3":4,"4":4,"5":3,"6":1,"7":3,"8":3,"9":3,"10":3,"11":122,"12":80,"13":42,"14":1,"15":122,"16":122,"17":3,"18":1,"19":1},"f":{"0":4},"b":{"0":[0],"1":[3,1],"2":[4,3],"3":[1,2],"4":[80,42],"5":[122,116],"6":[1,41]},"_coverageSchema":"1a1c01bbd47fc00a2c39e90264f33305004495a9","hash":"5324d2d80b4c1ec0c3acc283219474f467b91b00"}
,"C:\\Users\\camar\\OneDrive\\Desktop\\BusinessDays\\holiday.js": {"path":"C:\\Users\\camar\\OneDrive\\Desktop\\BusinessDays\\holiday.js","statementMap":{"0":{"start":{"line":4,"column":14},"end":{"line":4,"column":26}},"1":{"start":{"line":5,"column":15},"end":{"line":5,"column":37}},"2":{"start":{"line":6,"column":12},"end":{"line":6,"column":17}},"3":{"start":{"line":7,"column":15},"end":{"line":7,"column":20}},"4":{"start":{"line":8,"column":15},"end":{"line":8,"column":20}},"5":{"start":{"line":9,"column":15},"end":{"line":9,"column":20}},"6":{"start":{"line":11,"column":8},"end":{"line":11,"column":22}},"7":{"start":{"line":12,"column":8},"end":{"line":12,"column":30}},"8":{"start":{"line":13,"column":8},"end":{"line":13,"column":41}},"9":{"start":{"line":14,"column":8},"end":{"line":14,"column":32}},"10":{"start":{"line":15,"column":8},"end":{"line":15,"column":35}},"11":{"start":{"line":16,"column":8},"end":{"line":16,"column":41}},"12":{"start":{"line":17,"column":8},"end":{"line":17,"column":41}},"13":{"start":{"line":18,"column":8},"end":{"line":18,"column":41}},"14":{"start":{"line":42,"column":8},"end":{"line":52,"column":9}},"15":{"start":{"line":43,"column":12},"end":{"line":47,"column":13}},"16":{"start":{"line":44,"column":16},"end":{"line":44,"column":29}},"17":{"start":{"line":46,"column":16},"end":{"line":46,"column":28}},"18":{"start":{"line":50,"column":12},"end":{"line":50,"column":29}},"19":{"start":{"line":51,"column":12},"end":{"line":51,"column":28}},"20":{"start":{"line":57,"column":8},"end":{"line":59,"column":28}},"21":{"start":{"line":58,"column":12},"end":{"line":58,"column":66}},"22":{"start":{"line":59,"column":15},"end":{"line":59,"column":28}},"23":{"start":{"line":64,"column":8},"end":{"line":74,"column":36}},"24":{"start":{"line":65,"column":12},"end":{"line":65,"column":74}},"25":{"start":{"line":66,"column":12},"end":{"line":66,"column":121}},"26":{"start":{"line":67,"column":12},"end":{"line":67,"column":36}},"27":{"start":{"line":68,"column":12},"end":{"line":68,"column":44}},"28":{"start":{"line":69,"column":12},"end":{"line":69,"column":39}},"29":{"start":{"line":70,"column":12},"end":{"line":70,"column":45}},"30":{"start":{"line":71,"column":12},"end":{"line":71,"column":45}},"31":{"start":{"line":72,"column":12},"end":{"line":72,"column":45}},"32":{"start":{"line":73,"column":12},"end":{"line":73,"column":32}},"33":{"start":{"line":74,"column":15},"end":{"line":74,"column":36}},"34":{"start":{"line":80,"column":8},"end":{"line":80,"column":42}},"35":{"start":{"line":81,"column":8},"end":{"line":84,"column":33}},"36":{"start":{"line":82,"column":12},"end":{"line":82,"column":81}},"37":{"start":{"line":83,"column":12},"end":{"line":83,"column":29}},"38":{"start":{"line":84,"column":15},"end":{"line":84,"column":33}},"39":{"start":{"line":88,"column":8},"end":{"line":112,"column":28}},"40":{"start":{"line":89,"column":12},"end":{"line":111,"column":32}},"41":{"start":{"line":91,"column":33},"end":{"line":91,"column":75}},"42":{"start":{"line":92,"column":16},"end":{"line":92,"column":45}},"43":{"start":{"line":94,"column":33},"end":{"line":94,"column":73}},"44":{"start":{"line":95,"column":16},"end":{"line":95,"column":45}},"45":{"start":{"line":96,"column":33},"end":{"line":96,"column":73}},"46":{"start":{"line":97,"column":16},"end":{"line":97,"column":45}},"47":{"start":{"line":99,"column":16},"end":{"line":110,"column":17}},"48":{"start":{"line":101,"column":20},"end":{"line":101,"column":32}},"49":{"start":{"line":102,"column":23},"end":{"line":110,"column":17}},"50":{"start":{"line":104,"column":20},"end":{"line":104,"column":32}},"51":{"start":{"line":105,"column":23},"end":{"line":110,"column":17}},"52":{"start":{"line":107,"column":20},"end":{"line":107,"column":32}},"53":{"start":{"line":109,"column":20},"end":{"line":109,"column":33}},"54":{"start":{"line":111,"column":19},"end":{"line":111,"column":32}},"55":{"start":{"line":112,"column":15},"end":{"line":112,"column":28}},"56":{"start":{"line":122,"column":8},"end":{"line":152,"column":28}},"57":{"start":{"line":123,"column":12},"end":{"line":151,"column":32}},"58":{"start":{"line":124,"column":24},"end":{"line":124,"column":25}},"59":{"start":{"line":127,"column":16},"end":{"line":141,"column":17}},"60":{"start":{"line":129,"column":24},"end":{"line":129,"column":33}},"61":{"start":{"line":130,"column":24},"end":{"line":130,"column":44}},"62":{"start":{"line":131,"column":24},"end":{"line":131,"column":30}},"63":{"start":{"line":134,"column":24},"end":{"line":134,"column":33}},"64":{"start":{"line":135,"column":24},"end":{"line":135,"column":44}},"65":{"start":{"line":136,"column":24},"end":{"line":136,"column":30}},"66":{"start":{"line":138,"column":24},"end":{"line":138,"column":33}},"67":{"start":{"line":139,"column":24},"end":{"line":139,"column":44}},"68":{"start":{"line":140,"column":24},"end":{"line":140,"column":30}},"69":{"start":{"line":143,"column":33},"end":{"line":143,"column":108}},"70":{"start":{"line":144,"column":16},"end":{"line":149,"column":35}},"71":{"start":{"line":145,"column":20},"end":{"line":145,"column":66}},"72":{"start":{"line":146,"column":20},"end":{"line":148,"column":21}},"73":{"start":{"line":147,"column":24},"end":{"line":147,"column":28}},"74":{"start":{"line":150,"column":16},"end":{"line":150,"column":66}},"75":{"start":{"line":151,"column":19},"end":{"line":151,"column":32}},"76":{"start":{"line":152,"column":15},"end":{"line":152,"column":28}},"77":{"start":{"line":157,"column":8},"end":{"line":203,"column":9}},"78":{"start":{"line":158,"column":20},"end":{"line":158,"column":39}},"79":{"start":{"line":165,"column":12},"end":{"line":165,"column":23}},"80":{"start":{"line":166,"column":12},"end":{"line":166,"column":22}},"81":{"start":{"line":167,"column":12},"end":{"line":167,"column":22}},"82":{"start":{"line":168,"column":12},"end":{"line":168,"column":36}},"83":{"start":{"line":169,"column":12},"end":{"line":170,"column":35}},"84":{"start":{"line":171,"column":12},"end":{"line":171,"column":42}},"85":{"start":{"line":172,"column":12},"end":{"line":172,"column":36}},"86":{"start":{"line":173,"column":12},"end":{"line":173,"column":34}},"87":{"start":{"line":174,"column":12},"end":{"line":174,"column":48}},"88":{"start":{"line":175,"column":24},"end":{"line":175,"column":34}},"89":{"start":{"line":179,"column":12},"end":{"line":197,"column":13}},"90":{"start":{"line":182,"column":16},"end":{"line":182,"column":64}},"91":{"start":{"line":187,"column":16},"end":{"line":196,"column":17}},"92":{"start":{"line":189,"column":20},"end":{"line":189,"column":75}},"93":{"start":{"line":195,"column":20},"end":{"line":195,"column":60}},"94":{"start":{"line":199,"column":12},"end":{"line":201,"column":13}},"95":{"start":{"line":200,"column":16},"end":{"line":200,"column":65}},"96":{"start":{"line":202,"column":12},"end":{"line":202,"column":31}},"97":{"start":{"line":208,"column":8},"end":{"line":214,"column":28}},"98":{"start":{"line":209,"column":12},"end":{"line":213,"column":32}},"99":{"start":{"line":210,"column":36},"end":{"line":210,"column":78}},"100":{"start":{"line":211,"column":34},"end":{"line":211,"column":68}},"101":{"start":{"line":212,"column":16},"end":{"line":212,"column":92}},"102":{"start":{"line":213,"column":19},"end":{"line":213,"column":32}},"103":{"start":{"line":214,"column":15},"end":{"line":214,"column":28}},"104":{"start":{"line":220,"column":8},"end":{"line":232,"column":28}},"105":{"start":{"line":221,"column":12},"end":{"line":231,"column":32}},"106":{"start":{"line":222,"column":33},"end":{"line":222,"column":73}},"107":{"start":{"line":223,"column":24},"end":{"line":223,"column":29}},"108":{"start":{"line":224,"column":16},"end":{"line":229,"column":34}},"109":{"start":{"line":225,"column":20},"end":{"line":225,"column":67}},"110":{"start":{"line":226,"column":20},"end":{"line":228,"column":21}},"111":{"start":{"line":227,"column":24},"end":{"line":227,"column":31}},"112":{"start":{"line":230,"column":16},"end":{"line":230,"column":66}},"113":{"start":{"line":231,"column":19},"end":{"line":231,"column":32}},"114":{"start":{"line":232,"column":15},"end":{"line":232,"column":28}},"115":{"start":{"line":237,"column":8},"end":{"line":261,"column":28}},"116":{"start":{"line":238,"column":12},"end":{"line":260,"column":32}},"117":{"start":{"line":240,"column":33},"end":{"line":240,"column":73}},"118":{"start":{"line":241,"column":16},"end":{"line":241,"column":45}},"119":{"start":{"line":243,"column":33},"end":{"line":243,"column":73}},"120":{"start":{"line":244,"column":16},"end":{"line":244,"column":45}},"121":{"start":{"line":245,"column":33},"end":{"line":245,"column":73}},"122":{"start":{"line":246,"column":16},"end":{"line":246,"column":45}},"123":{"start":{"line":248,"column":16},"end":{"line":259,"column":17}},"124":{"start":{"line":250,"column":20},"end":{"line":250,"column":32}},"125":{"start":{"line":251,"column":23},"end":{"line":259,"column":17}},"126":{"start":{"line":253,"column":20},"end":{"line":253,"column":32}},"127":{"start":{"line":254,"column":23},"end":{"line":259,"column":17}},"128":{"start":{"line":256,"column":20},"end":{"line":256,"column":32}},"129":{"start":{"line":258,"column":20},"end":{"line":258,"column":33}},"130":{"start":{"line":260,"column":19},"end":{"line":260,"column":32}},"131":{"start":{"line":261,"column":15},"end":{"line":261,"column":28}},"132":{"start":{"line":268,"column":8},"end":{"line":323,"column":28}},"133":{"start":{"line":269,"column":12},"end":{"line":322,"column":32}},"134":{"start":{"line":271,"column":38},"end":{"line":271,"column":78}},"135":{"start":{"line":272,"column":16},"end":{"line":272,"column":50}},"136":{"start":{"line":274,"column":38},"end":{"line":274,"column":78}},"137":{"start":{"line":275,"column":16},"end":{"line":275,"column":50}},"138":{"start":{"line":276,"column":37},"end":{"line":276,"column":77}},"139":{"start":{"line":277,"column":16},"end":{"line":277,"column":49}},"140":{"start":{"line":280,"column":37},"end":{"line":280,"column":77}},"141":{"start":{"line":281,"column":16},"end":{"line":281,"column":49}},"142":{"start":{"line":283,"column":37},"end":{"line":283,"column":77}},"143":{"start":{"line":284,"column":16},"end":{"line":284,"column":49}},"144":{"start":{"line":285,"column":36},"end":{"line":285,"column":76}},"145":{"start":{"line":286,"column":16},"end":{"line":286,"column":48}},"146":{"start":{"line":289,"column":40},"end":{"line":289,"column":80}},"147":{"start":{"line":290,"column":16},"end":{"line":290,"column":52}},"148":{"start":{"line":292,"column":37},"end":{"line":292,"column":77}},"149":{"start":{"line":293,"column":16},"end":{"line":293,"column":49}},"150":{"start":{"line":294,"column":36},"end":{"line":294,"column":76}},"151":{"start":{"line":295,"column":16},"end":{"line":295,"column":48}},"152":{"start":{"line":298,"column":16},"end":{"line":321,"column":17}},"153":{"start":{"line":300,"column":20},"end":{"line":300,"column":32}},"154":{"start":{"line":301,"column":23},"end":{"line":321,"column":17}},"155":{"start":{"line":303,"column":20},"end":{"line":303,"column":32}},"156":{"start":{"line":304,"column":23},"end":{"line":321,"column":17}},"157":{"start":{"line":306,"column":20},"end":{"line":306,"column":32}},"158":{"start":{"line":307,"column":23},"end":{"line":321,"column":17}},"159":{"start":{"line":309,"column":20},"end":{"line":309,"column":32}},"160":{"start":{"line":310,"column":23},"end":{"line":321,"column":17}},"161":{"start":{"line":312,"column":20},"end":{"line":312,"column":32}},"162":{"start":{"line":313,"column":23},"end":{"line":321,"column":17}},"163":{"start":{"line":315,"column":20},"end":{"line":315,"column":32}},"164":{"start":{"line":316,"column":23},"end":{"line":321,"column":17}},"165":{"start":{"line":318,"column":20},"end":{"line":318,"column":32}},"166":{"start":{"line":320,"column":20},"end":{"line":320,"column":33}},"167":{"start":{"line":322,"column":19},"end":{"line":322,"column":32}},"168":{"start":{"line":323,"column":15},"end":{"line":323,"column":28}},"169":{"start":{"line":327,"column":8},"end":{"line":346,"column":28}},"170":{"start":{"line":328,"column":12},"end":{"line":345,"column":32}},"171":{"start":{"line":330,"column":37},"end":{"line":330,"column":77}},"172":{"start":{"line":331,"column":16},"end":{"line":331,"column":49}},"173":{"start":{"line":333,"column":37},"end":{"line":333,"column":77}},"174":{"start":{"line":334,"column":16},"end":{"line":334,"column":49}},"175":{"start":{"line":335,"column":36},"end":{"line":335,"column":76}},"176":{"start":{"line":336,"column":16},"end":{"line":336,"column":48}},"177":{"start":{"line":338,"column":16},"end":{"line":344,"column":36}},"178":{"start":{"line":340,"column":20},"end":{"line":340,"column":32}},"179":{"start":{"line":341,"column":23},"end":{"line":344,"column":36}},"180":{"start":{"line":343,"column":20},"end":{"line":343,"column":32}},"181":{"start":{"line":344,"column":23},"end":{"line":344,"column":36}},"182":{"start":{"line":345,"column":19},"end":{"line":345,"column":32}},"183":{"start":{"line":346,"column":15},"end":{"line":346,"column":28}},"184":{"start":{"line":358,"column":0},"end":{"line":358,"column":25}}},"fnMap":{"0":{"name":"(anonymous_0)","decl":{"start":{"line":10,"column":4},"end":{"line":10,"column":5}},"loc":{"start":{"line":10,"column":38},"end":{"line":19,"column":5}},"line":10},"1":{"name":"(anonymous_1)","decl":{"start":{"line":41,"column":4},"end":{"line":41,"column":5}},"loc":{"start":{"line":41,"column":12},"end":{"line":53,"column":5}},"line":41},"2":{"name":"(anonymous_2)","decl":{"start":{"line":56,"column":4},"end":{"line":56,"column":5}},"loc":{"start":{"line":56,"column":16},"end":{"line":60,"column":5}},"line":56},"3":{"name":"(anonymous_3)","decl":{"start":{"line":63,"column":4},"end":{"line":63,"column":5}},"loc":{"start":{"line":63,"column":22},"end":{"line":75,"column":5}},"line":63},"4":{"name":"(anonymous_4)","decl":{"start":{"line":79,"column":4},"end":{"line":79,"column":5}},"loc":{"start":{"line":79,"column":53},"end":{"line":85,"column":5}},"line":79},"5":{"name":"(anonymous_5)","decl":{"start":{"line":87,"column":4},"end":{"line":87,"column":5}},"loc":{"start":{"line":87,"column":17},"end":{"line":113,"column":5}},"line":87},"6":{"name":"(anonymous_6)","decl":{"start":{"line":116,"column":4},"end":{"line":116,"column":5}},"loc":{"start":{"line":116,"column":30},"end":{"line":153,"column":5}},"line":116},"7":{"name":"(anonymous_7)","decl":{"start":{"line":156,"column":4},"end":{"line":156,"column":5}},"loc":{"start":{"line":156,"column":20},"end":{"line":204,"column":5}},"line":156},"8":{"name":"(anonymous_8)","decl":{"start":{"line":207,"column":4},"end":{"line":207,"column":5}},"loc":{"start":{"line":207,"column":19},"end":{"line":215,"column":5}},"line":207},"9":{"name":"(anonymous_9)","decl":{"start":{"line":218,"column":3},"end":{"line":218,"column":4}},"loc":{"start":{"line":218,"column":19},"end":{"line":233,"column":5}},"line":218},"10":{"name":"(anonymous_10)","decl":{"start":{"line":236,"column":4},"end":{"line":236,"column":5}},"loc":{"start":{"line":236,"column":19},"end":{"line":262,"column":5}},"line":236},"11":{"name":"(anonymous_11)","decl":{"start":{"line":265,"column":4},"end":{"line":265,"column":5}},"loc":{"start":{"line":265,"column":22},"end":{"line":324,"column":5}},"line":265},"12":{"name":"(anonymous_12)","decl":{"start":{"line":326,"column":4},"end":{"line":326,"column":5}},"loc":{"start":{"line":326,"column":16},"end":{"line":347,"column":5}},"line":326}},"branchMap":{"0":{"loc":{"start":{"line":10,"column":17},"end":{"line":10,"column":36}},"type":"default-arg","locations":[{"start":{"line":10,"column":26},"end":{"line":10,"column":36}}],"line":10},"1":{"loc":{"start":{"line":43,"column":12},"end":{"line":47,"column":13}},"type":"if","locations":[{"start":{"line":43,"column":12},"end":{"line":47,"column":13}},{"start":{"line":45,"column":19},"end":{"line":47,"column":13}}],"line":43},"2":{"loc":{"start":{"line":57,"column":8},"end":{"line":59,"column":28}},"type":"if","locations":[{"start":{"line":57,"column":8},"end":{"line":59,"column":28}},{"start":{"line":59,"column":15},"end":{"line":59,"column":28}}],"line":57},"3":{"loc":{"start":{"line":58,"column":20},"end":{"line":58,"column":64}},"type":"binary-expr","locations":[{"start":{"line":58,"column":20},"end":{"line":58,"column":40}},{"start":{"line":58,"column":44},"end":{"line":58,"column":64}}],"line":58},"4":{"loc":{"start":{"line":63,"column":12},"end":{"line":63,"column":20}},"type":"default-arg","locations":[{"start":{"line":63,"column":19},"end":{"line":63,"column":20}}],"line":63},"5":{"loc":{"start":{"line":64,"column":8},"end":{"line":74,"column":36}},"type":"if","locations":[{"start":{"line":64,"column":8},"end":{"line":74,"column":36}},{"start":{"line":74,"column":15},"end":{"line":74,"column":36}}],"line":64},"6":{"loc":{"start":{"line":64,"column":12},"end":{"line":64,"column":39}},"type":"binary-expr","locations":[{"start":{"line":64,"column":12},"end":{"line":64,"column":22}},{"start":{"line":64,"column":27},"end":{"line":64,"column":39}}],"line":64},"7":{"loc":{"start":{"line":79,"column":18},"end":{"line":79,"column":26}},"type":"default-arg","locations":[{"start":{"line":79,"column":25},"end":{"line":79,"column":26}}],"line":79},"8":{"loc":{"start":{"line":79,"column":28},"end":{"line":79,"column":51}},"type":"default-arg","locations":[{"start":{"line":79,"column":41},"end":{"line":79,"column":51}}],"line":79},"9":{"loc":{"start":{"line":81,"column":8},"end":{"line":84,"column":33}},"type":"if","locations":[{"start":{"line":81,"column":8},"end":{"line":84,"column":33}},{"start":{"line":84,"column":15},"end":{"line":84,"column":33}}],"line":81},"10":{"loc":{"start":{"line":81,"column":12},"end":{"line":81,"column":39}},"type":"binary-expr","locations":[{"start":{"line":81,"column":12},"end":{"line":81,"column":22}},{"start":{"line":81,"column":27},"end":{"line":81,"column":39}}],"line":81},"11":{"loc":{"start":{"line":88,"column":8},"end":{"line":112,"column":28}},"type":"if","locations":[{"start":{"line":88,"column":8},"end":{"line":112,"column":28}},{"start":{"line":112,"column":15},"end":{"line":112,"column":28}}],"line":88},"12":{"loc":{"start":{"line":89,"column":12},"end":{"line":111,"column":32}},"type":"if","locations":[{"start":{"line":89,"column":12},"end":{"line":111,"column":32}},{"start":{"line":111,"column":19},"end":{"line":111,"column":32}}],"line":89},"13":{"loc":{"start":{"line":89,"column":16},"end":{"line":89,"column":89}},"type":"binary-expr","locations":[{"start":{"line":89,"column":16},"end":{"line":89,"column":30}},{"start":{"line":89,"column":35},"end":{"line":89,"column":59}},{"start":{"line":89,"column":63},"end":{"line":89,"column":88}}],"line":89},"14":{"loc":{"start":{"line":99,"column":16},"end":{"line":110,"column":17}},"type":"if","locations":[{"start":{"line":99,"column":16},"end":{"line":110,"column":17}},{"start":{"line":102,"column":23},"end":{"line":110,"column":17}}],"line":99},"15":{"loc":{"start":{"line":99,"column":20},"end":{"line":99,"column":83}},"type":"binary-expr","locations":[{"start":{"line":99,"column":20},"end":{"line":99,"column":39}},{"start":{"line":99,"column":44},"end":{"line":99,"column":83}}],"line":99},"16":{"loc":{"start":{"line":102,"column":23},"end":{"line":110,"column":17}},"type":"if","locations":[{"start":{"line":102,"column":23},"end":{"line":110,"column":17}},{"start":{"line":105,"column":23},"end":{"line":110,"column":17}}],"line":102},"17":{"loc":{"start":{"line":102,"column":27},"end":{"line":102,"column":90}},"type":"binary-expr","locations":[{"start":{"line":102,"column":27},"end":{"line":102,"column":46}},{"start":{"line":102,"column":51},"end":{"line":102,"column":90}}],"line":102},"18":{"loc":{"start":{"line":105,"column":23},"end":{"line":110,"column":17}},"type":"if","locations":[{"start":{"line":105,"column":23},"end":{"line":110,"column":17}},{"start":{"line":108,"column":23},"end":{"line":110,"column":17}}],"line":105},"19":{"loc":{"start":{"line":105,"column":27},"end":{"line":105,"column":108}},"type":"binary-expr","locations":[{"start":{"line":105,"column":27},"end":{"line":105,"column":44}},{"start":{"line":105,"column":48},"end":{"line":105,"column":65}},{"start":{"line":105,"column":69},"end":{"line":105,"column":108}}],"line":105},"20":{"loc":{"start":{"line":122,"column":8},"end":{"line":152,"column":28}},"type":"if","locations":[{"start":{"line":122,"column":8},"end":{"line":152,"column":28}},{"start":{"line":152,"column":15},"end":{"line":152,"column":28}}],"line":122},"21":{"loc":{"start":{"line":123,"column":12},"end":{"line":151,"column":32}},"type":"if","locations":[{"start":{"line":123,"column":12},"end":{"line":151,"column":32}},{"start":{"line":151,"column":19},"end":{"line":151,"column":32}}],"line":123},"22":{"loc":{"start":{"line":123,"column":16},"end":{"line":123,"column":144}},"type":"binary-expr","locations":[{"start":{"line":123,"column":16},"end":{"line":123,"column":30}},{"start":{"line":123,"column":35},"end":{"line":123,"column":59}},{"start":{"line":123,"column":63},"end":{"line":123,"column":87}},{"start":{"line":123,"column":91},"end":{"line":123,"column":115}},{"start":{"line":123,"column":118},"end":{"line":123,"column":143}}],"line":123},"23":{"loc":{"start":{"line":127,"column":16},"end":{"line":141,"column":17}},"type":"switch","locations":[{"start":{"line":128,"column":20},"end":{"line":131,"column":30}},{"start":{"line":132,"column":20},"end":{"line":132,"column":27}},{"start":{"line":133,"column":20},"end":{"line":136,"column":30}},{"start":{"line":137,"column":20},"end":{"line":140,"column":30}}],"line":127},"24":{"loc":{"start":{"line":146,"column":20},"end":{"line":148,"column":21}},"type":"if","locations":[{"start":{"line":146,"column":20},"end":{"line":148,"column":21}},{"start":{},"end":{}}],"line":146},"25":{"loc":{"start":{"line":157,"column":8},"end":{"line":203,"column":9}},"type":"if","locations":[{"start":{"line":157,"column":8},"end":{"line":203,"column":9}},{"start":{},"end":{}}],"line":157},"26":{"loc":{"start":{"line":179,"column":12},"end":{"line":197,"column":13}},"type":"if","locations":[{"start":{"line":179,"column":12},"end":{"line":197,"column":13}},{"start":{"line":184,"column":17},"end":{"line":197,"column":13}}],"line":179},"27":{"loc":{"start":{"line":179,"column":16},"end":{"line":179,"column":49}},"type":"binary-expr","locations":[{"start":{"line":179,"column":17},"end":{"line":179,"column":25}},{"start":{"line":179,"column":29},"end":{"line":179,"column":35}},{"start":{"line":179,"column":41},"end":{"line":179,"column":48}}],"line":179},"28":{"loc":{"start":{"line":187,"column":16},"end":{"line":196,"column":17}},"type":"if","locations":[{"start":{"line":187,"column":16},"end":{"line":196,"column":17}},{"start":{"line":193,"column":21},"end":{"line":196,"column":17}}],"line":187},"29":{"loc":{"start":{"line":199,"column":12},"end":{"line":201,"column":13}},"type":"if","locations":[{"start":{"line":199,"column":12},"end":{"line":201,"column":13}},{"start":{},"end":{}}],"line":199},"30":{"loc":{"start":{"line":208,"column":8},"end":{"line":214,"column":28}},"type":"if","locations":[{"start":{"line":208,"column":8},"end":{"line":214,"column":28}},{"start":{"line":214,"column":15},"end":{"line":214,"column":28}}],"line":208},"31":{"loc":{"start":{"line":209,"column":12},"end":{"line":213,"column":32}},"type":"if","locations":[{"start":{"line":209,"column":12},"end":{"line":213,"column":32}},{"start":{"line":213,"column":19},"end":{"line":213,"column":32}}],"line":209},"32":{"loc":{"start":{"line":209,"column":16},"end":{"line":209,"column":88}},"type":"binary-expr","locations":[{"start":{"line":209,"column":16},"end":{"line":209,"column":30}},{"start":{"line":209,"column":35},"end":{"line":209,"column":59}},{"start":{"line":209,"column":63},"end":{"line":209,"column":87}}],"line":209},"33":{"loc":{"start":{"line":212,"column":24},"end":{"line":212,"column":91}},"type":"binary-expr","locations":[{"start":{"line":212,"column":24},"end":{"line":212,"column":48}},{"start":{"line":212,"column":52},"end":{"line":212,"column":91}}],"line":212},"34":{"loc":{"start":{"line":220,"column":8},"end":{"line":232,"column":28}},"type":"if","locations":[{"start":{"line":220,"column":8},"end":{"line":232,"column":28}},{"start":{"line":232,"column":15},"end":{"line":232,"column":28}}],"line":220},"35":{"loc":{"start":{"line":221,"column":12},"end":{"line":231,"column":32}},"type":"if","locations":[{"start":{"line":221,"column":12},"end":{"line":231,"column":32}},{"start":{"line":231,"column":19},"end":{"line":231,"column":32}}],"line":221},"36":{"loc":{"start":{"line":221,"column":16},"end":{"line":221,"column":58}},"type":"binary-expr","locations":[{"start":{"line":221,"column":16},"end":{"line":221,"column":30}},{"start":{"line":221,"column":34},"end":{"line":221,"column":58}}],"line":221},"37":{"loc":{"start":{"line":226,"column":20},"end":{"line":228,"column":21}},"type":"if","locations":[{"start":{"line":226,"column":20},"end":{"line":228,"column":21}},{"start":{},"end":{}}],"line":226},"38":{"loc":{"start":{"line":237,"column":8},"end":{"line":261,"column":28}},"type":"if","locations":[{"start":{"line":237,"column":8},"end":{"line":261,"column":28}},{"start":{"line":261,"column":15},"end":{"line":261,"column":28}}],"line":237},"39":{"loc":{"start":{"line":238,"column":12},"end":{"line":260,"column":32}},"type":"if","locations":[{"start":{"line":238,"column":12},"end":{"line":260,"column":32}},{"start":{"line":260,"column":19},"end":{"line":260,"column":32}}],"line":238},"40":{"loc":{"start":{"line":238,"column":16},"end":{"line":238,"column":58}},"type":"binary-expr","locations":[{"start":{"line":238,"column":16},"end":{"line":238,"column":30}},{"start":{"line":238,"column":34},"end":{"line":238,"column":58}}],"line":238},"41":{"loc":{"start":{"line":248,"column":16},"end":{"line":259,"column":17}},"type":"if","locations":[{"start":{"line":248,"column":16},"end":{"line":259,"column":17}},{"start":{"line":251,"column":23},"end":{"line":259,"column":17}}],"line":248},"42":{"loc":{"start":{"line":248,"column":20},"end":{"line":248,"column":85}},"type":"binary-expr","locations":[{"start":{"line":248,"column":20},"end":{"line":248,"column":40}},{"start":{"line":248,"column":45},"end":{"line":248,"column":85}}],"line":248},"43":{"loc":{"start":{"line":251,"column":23},"end":{"line":259,"column":17}},"type":"if","locations":[{"start":{"line":251,"column":23},"end":{"line":259,"column":17}},{"start":{"line":254,"column":23},"end":{"line":259,"column":17}}],"line":251},"44":{"loc":{"start":{"line":251,"column":27},"end":{"line":251,"column":92}},"type":"binary-expr","locations":[{"start":{"line":251,"column":27},"end":{"line":251,"column":47}},{"start":{"line":251,"column":52},"end":{"line":251,"column":92}}],"line":251},"45":{"loc":{"start":{"line":254,"column":23},"end":{"line":259,"column":17}},"type":"if","locations":[{"start":{"line":254,"column":23},"end":{"line":259,"column":17}},{"start":{"line":257,"column":23},"end":{"line":259,"column":17}}],"line":254},"46":{"loc":{"start":{"line":254,"column":27},"end":{"line":254,"column":111}},"type":"binary-expr","locations":[{"start":{"line":254,"column":27},"end":{"line":254,"column":45}},{"start":{"line":254,"column":49},"end":{"line":254,"column":67}},{"start":{"line":254,"column":71},"end":{"line":254,"column":111}}],"line":254},"47":{"loc":{"start":{"line":268,"column":8},"end":{"line":323,"column":28}},"type":"if","locations":[{"start":{"line":268,"column":8},"end":{"line":323,"column":28}},{"start":{"line":323,"column":15},"end":{"line":323,"column":28}}],"line":268},"48":{"loc":{"start":{"line":269,"column":12},"end":{"line":322,"column":32}},"type":"if","locations":[{"start":{"line":269,"column":12},"end":{"line":322,"column":32}},{"start":{"line":322,"column":19},"end":{"line":322,"column":32}}],"line":269},"49":{"loc":{"start":{"line":269,"column":16},"end":{"line":269,"column":59}},"type":"binary-expr","locations":[{"start":{"line":269,"column":16},"end":{"line":269,"column":30}},{"start":{"line":269,"column":34},"end":{"line":269,"column":59}}],"line":269},"50":{"loc":{"start":{"line":298,"column":16},"end":{"line":321,"column":17}},"type":"if","locations":[{"start":{"line":298,"column":16},"end":{"line":321,"column":17}},{"start":{"line":301,"column":23},"end":{"line":321,"column":17}}],"line":298},"51":{"loc":{"start":{"line":298,"column":20},"end":{"line":298,"column":141}},"type":"binary-expr","locations":[{"start":{"line":298,"column":20},"end":{"line":298,"column":40}},{"start":{"line":298,"column":46},"end":{"line":298,"column":91}},{"start":{"line":298,"column":95},"end":{"line":298,"column":140}}],"line":298},"52":{"loc":{"start":{"line":301,"column":23},"end":{"line":321,"column":17}},"type":"if","locations":[{"start":{"line":301,"column":23},"end":{"line":321,"column":17}},{"start":{"line":304,"column":23},"end":{"line":321,"column":17}}],"line":301},"53":{"loc":{"start":{"line":301,"column":27},"end":{"line":301,"column":115}},"type":"binary-expr","locations":[{"start":{"line":301,"column":27},"end":{"line":301,"column":45}},{"start":{"line":301,"column":49},"end":{"line":301,"column":67}},{"start":{"line":301,"column":71},"end":{"line":301,"column":115}}],"line":301},"54":{"loc":{"start":{"line":304,"column":23},"end":{"line":321,"column":17}},"type":"if","locations":[{"start":{"line":304,"column":23},"end":{"line":321,"column":17}},{"start":{"line":307,"column":23},"end":{"line":321,"column":17}}],"line":304},"55":{"loc":{"start":{"line":304,"column":27},"end":{"line":304,"column":146}},"type":"binary-expr","locations":[{"start":{"line":304,"column":27},"end":{"line":304,"column":47}},{"start":{"line":304,"column":53},"end":{"line":304,"column":97}},{"start":{"line":304,"column":101},"end":{"line":304,"column":145}}],"line":304},"56":{"loc":{"start":{"line":307,"column":23},"end":{"line":321,"column":17}},"type":"if","locations":[{"start":{"line":307,"column":23},"end":{"line":321,"column":17}},{"start":{"line":310,"column":23},"end":{"line":321,"column":17}}],"line":307},"57":{"loc":{"start":{"line":307,"column":27},"end":{"line":307,"column":114}},"type":"binary-expr","locations":[{"start":{"line":307,"column":27},"end":{"line":307,"column":45}},{"start":{"line":307,"column":49},"end":{"line":307,"column":67}},{"start":{"line":307,"column":71},"end":{"line":307,"column":114}}],"line":307},"58":{"loc":{"start":{"line":310,"column":23},"end":{"line":321,"column":17}},"type":"if","locations":[{"start":{"line":310,"column":23},"end":{"line":321,"column":17}},{"start":{"line":313,"column":23},"end":{"line":321,"column":17}}],"line":310},"59":{"loc":{"start":{"line":310,"column":27},"end":{"line":310,"column":124}},"type":"binary-expr","locations":[{"start":{"line":310,"column":28},"end":{"line":310,"column":48}},{"start":{"line":310,"column":52},"end":{"line":310,"column":72}},{"start":{"line":310,"column":77},"end":{"line":310,"column":124}}],"line":310},"60":{"loc":{"start":{"line":313,"column":23},"end":{"line":321,"column":17}},"type":"if","locations":[{"start":{"line":313,"column":23},"end":{"line":321,"column":17}},{"start":{"line":316,"column":23},"end":{"line":321,"column":17}}],"line":313},"61":{"loc":{"start":{"line":313,"column":27},"end":{"line":313,"column":95}},"type":"binary-expr","locations":[{"start":{"line":313,"column":27},"end":{"line":313,"column":47}},{"start":{"line":313,"column":51},"end":{"line":313,"column":95}}],"line":313},"62":{"loc":{"start":{"line":316,"column":23},"end":{"line":321,"column":17}},"type":"if","locations":[{"start":{"line":316,"column":23},"end":{"line":321,"column":17}},{"start":{"line":319,"column":23},"end":{"line":321,"column":17}}],"line":316},"63":{"loc":{"start":{"line":316,"column":27},"end":{"line":316,"column":114}},"type":"binary-expr","locations":[{"start":{"line":316,"column":27},"end":{"line":316,"column":45}},{"start":{"line":316,"column":49},"end":{"line":316,"column":67}},{"start":{"line":316,"column":71},"end":{"line":316,"column":114}}],"line":316},"64":{"loc":{"start":{"line":327,"column":8},"end":{"line":346,"column":28}},"type":"if","locations":[{"start":{"line":327,"column":8},"end":{"line":346,"column":28}},{"start":{"line":346,"column":15},"end":{"line":346,"column":28}}],"line":327},"65":{"loc":{"start":{"line":328,"column":12},"end":{"line":345,"column":32}},"type":"if","locations":[{"start":{"line":328,"column":12},"end":{"line":345,"column":32}},{"start":{"line":345,"column":19},"end":{"line":345,"column":32}}],"line":328},"66":{"loc":{"start":{"line":328,"column":16},"end":{"line":328,"column":59}},"type":"binary-expr","locations":[{"start":{"line":328,"column":16},"end":{"line":328,"column":30}},{"start":{"line":328,"column":34},"end":{"line":328,"column":59}}],"line":328},"67":{"loc":{"start":{"line":338,"column":16},"end":{"line":344,"column":36}},"type":"if","locations":[{"start":{"line":338,"column":16},"end":{"line":344,"column":36}},{"start":{"line":341,"column":23},"end":{"line":344,"column":36}}],"line":338},"68":{"loc":{"start":{"line":338,"column":20},"end":{"line":338,"column":139}},"type":"binary-expr","locations":[{"start":{"line":338,"column":20},"end":{"line":338,"column":40}},{"start":{"line":338,"column":46},"end":{"line":338,"column":90}},{"start":{"line":338,"column":94},"end":{"line":338,"column":138}}],"line":338},"69":{"loc":{"start":{"line":341,"column":23},"end":{"line":344,"column":36}},"type":"if","locations":[{"start":{"line":341,"column":23},"end":{"line":344,"column":36}},{"start":{"line":344,"column":23},"end":{"line":344,"column":36}}],"line":341},"70":{"loc":{"start":{"line":341,"column":27},"end":{"line":341,"column":114}},"type":"binary-expr","locations":[{"start":{"line":341,"column":27},"end":{"line":341,"column":45}},{"start":{"line":341,"column":49},"end":{"line":341,"column":67}},{"start":{"line":341,"column":71},"end":{"line":341,"column":114}}],"line":341}},"s":{"0":173,"1":173,"2":173,"3":173,"4":173,"5":173,"6":173,"7":173,"8":173,"9":173,"10":173,"11":173,"12":173,"13":173,"14":298,"15":298,"16":5,"17":293,"18":0,"19":0,"20":298,"21":294,"22":4,"23":123,"24":123,"25":123,"26":123,"27":123,"28":123,"29":123,"30":123,"31":123,"32":123,"33":0,"34":300,"35":300,"36":300,"37":300,"38":0,"39":294,"40":294,"41":100,"42":100,"43":100,"44":100,"45":100,"46":100,"47":100,"48":3,"49":97,"50":2,"51":95,"52":0,"53":95,"54":194,"55":0,"56":296,"57":296,"58":19,"59":19,"60":6,"61":6,"62":6,"63":8,"64":8,"65":8,"66":5,"67":5,"68":5,"69":19,"70":19,"71":198,"72":198,"73":36,"74":19,"75":277,"76":0,"77":89,"78":89,"79":89,"80":89,"81":89,"82":89,"83":89,"84":89,"85":89,"86":89,"87":89,"88":89,"89":89,"90":0,"91":89,"92":89,"93":0,"94":89,"95":0,"96":89,"97":286,"98":286,"99":88,"100":88,"101":88,"102":198,"103":0,"104":281,"105":281,"106":4,"107":4,"108":4,"109":12,"110":12,"111":4,"112":4,"113":277,"114":0,"115":280,"116":280,"117":2,"118":2,"119":2,"120":2,"121":2,"122":2,"123":2,"124":0,"125":2,"126":0,"127":2,"128":2,"129":0,"130":278,"131":0,"132":282,"133":282,"134":54,"135":54,"136":54,"137":54,"138":54,"139":54,"140":54,"141":54,"142":54,"143":54,"144":54,"145":54,"146":54,"147":54,"148":54,"149":54,"150":54,"151":54,"152":54,"153":4,"154":50,"155":0,"156":50,"157":6,"158":44,"159":0,"160":44,"161":0,"162":44,"163":4,"164":40,"165":0,"166":40,"167":228,"168":0,"169":297,"170":293,"171":53,"172":53,"173":53,"174":53,"175":53,"176":53,"177":53,"178":6,"179":47,"180":0,"181":47,"182":240,"183":4,"184":2},"f":{"0":173,"1":298,"2":298,"3":123,"4":300,"5":294,"6":296,"7":89,"8":286,"9":281,"10":280,"11":282,"12":297},"b":{"0":[0],"1":[5,293],"2":[294,4],"3":[294,253],"4":[0],"5":[123,0],"6":[123,123],"7":[0],"8":[0],"9":[300,0],"10":[300,300],"11":[294,0],"12":[100,194],"13":[294,201,154],"14":[3,97],"15":[100,24],"16":[2,95],"17":[97,19],"18":[0,95],"19":[95,95,95],"20":[296,0],"21":[19,277],"22":[296,204,198,194,190],"23":[6,4,8,5],"24":[36,162],"25":[89,0],"26":[0,89],"27":[89,89,0],"28":[89,0],"29":[0,89],"30":[286,0],"31":[88,198],"32":[286,194,192],"33":[88,88],"34":[281,0],"35":[4,277],"36":[281,189],"37":[4,8],"38":[280,0],"39":[2,278],"40":[280,188],"41":[0,2],"42":[2,2],"43":[0,2],"44":[2,0],"45":[2,0],"46":[2,2,2],"47":[282,0],"48":[54,228],"49":[282,189],"50":[4,50],"51":[54,10,10],"52":[0,50],"53":[50,50,50],"54":[6,44],"55":[50,14,8],"56":[0,44],"57":[44,44,44],"58":[0,44],"59":[44,38,16],"60":[4,40],"61":[44,10],"62":[0,40],"63":[40,34,34],"64":[293,4],"65":[53,240],"66":[293,201],"67":[6,47],"68":[53,16,10],"69":[0,47],"70":[47,47,47]},"_coverageSchema":"1a1c01bbd47fc00a2c39e90264f33305004495a9","hash":"777a7f09f82cebbd1d02e5b885ef09b8ada5cf3f"}
}
