TN:
SF:bus_days_cals2.js
FN:6,(anonymous_0)
FNF:1
FNH:1
FNDA:4,(anonymous_0)
DA:2,1
DA:6,1
DA:7,4
DA:8,4
DA:9,4
DA:10,3
DA:11,1
DA:14,3
DA:15,3
DA:16,3
DA:17,122
DA:18,80
DA:19,42
DA:20,1
DA:22,122
DA:23,122
DA:26,3
DA:32,1
DA:40,1
LF:19
LH:19
BRDA:6,0,0,0
BRDA:9,1,0,3
BRDA:9,1,1,1
BRDA:9,2,0,4
BRDA:9,2,1,3
BRDA:10,3,0,1
BRDA:10,3,1,2
BRDA:17,4,0,80
BRDA:17,4,1,42
BRDA:17,5,0,122
BRDA:17,5,1,116
BRDA:19,6,0,1
BRDA:19,6,1,41
BRF:13
BRH:12
end_of_record
TN:
SF:holiday.js
FN:10,(anonymous_0)
FN:41,(anonymous_1)
FN:56,(anonymous_2)
FN:63,(anonymous_3)
FN:79,(anonymous_4)
FN:87,(anonymous_5)
FN:116,(anonymous_6)
FN:156,(anonymous_7)
FN:207,(anonymous_8)
FN:218,(anonymous_9)
FN:236,(anonymous_10)
FN:265,(anonymous_11)
FN:326,(anonymous_12)
FNF:13
FNH:13
FNDA:173,(anonymous_0)
FNDA:298,(anonymous_1)
FNDA:298,(anonymous_2)
FNDA:123,(anonymous_3)
FNDA:300,(anonymous_4)
FNDA:294,(anonymous_5)
FNDA:296,(anonymous_6)
FNDA:89,(anonymous_7)
FNDA:286,(anonymous_8)
FNDA:281,(anonymous_9)
FNDA:280,(anonymous_10)
FNDA:282,(anonymous_11)
FNDA:297,(anonymous_12)
DA:4,173
DA:5,173
DA:6,173
DA:7,173
DA:8,173
DA:9,173
DA:11,173
DA:12,173
DA:13,173
DA:14,173
DA:15,173
DA:16,173
DA:17,173
DA:18,173
DA:42,298
DA:43,298
DA:44,5
DA:46,293
DA:50,0
DA:51,0
DA:57,298
DA:58,294
DA:59,4
DA:64,123
DA:65,123
DA:66,123
DA:67,123
DA:68,123
DA:69,123
DA:70,123
DA:71,123
DA:72,123
DA:73,123
DA:74,0
DA:80,300
DA:81,300
DA:82,300
DA:83,300
DA:84,0
DA:88,294
DA:89,294
DA:91,100
DA:92,100
DA:94,100
DA:95,100
DA:96,100
DA:97,100
DA:99,100
DA:101,3
DA:102,97
DA:104,2
DA:105,95
DA:107,0
DA:109,95
DA:111,194
DA:112,0
DA:122,296
DA:123,296
DA:124,19
DA:127,19
DA:129,6
DA:130,6
DA:131,6
DA:134,8
DA:135,8
DA:136,8
DA:138,5
DA:139,5
DA:140,5
DA:143,19
DA:144,19
DA:145,198
DA:146,198
DA:147,36
DA:150,19
DA:151,277
DA:152,0
DA:157,89
DA:158,89
DA:165,89
DA:166,89
DA:167,89
DA:168,89
DA:169,89
DA:171,89
DA:172,89
DA:173,89
DA:174,89
DA:175,89
DA:179,89
DA:182,0
DA:187,89
DA:189,89
DA:195,0
DA:199,89
DA:200,0
DA:202,89
DA:208,286
DA:209,286
DA:210,88
DA:211,88
DA:212,88
DA:213,198
DA:214,0
DA:220,281
DA:221,281
DA:222,4
DA:223,4
DA:224,4
DA:225,12
DA:226,12
DA:227,4
DA:230,4
DA:231,277
DA:232,0
DA:237,280
DA:238,280
DA:240,2
DA:241,2
DA:243,2
DA:244,2
DA:245,2
DA:246,2
DA:248,2
DA:250,0
DA:251,2
DA:253,0
DA:254,2
DA:256,2
DA:258,0
DA:260,278
DA:261,0
DA:268,282
DA:269,282
DA:271,54
DA:272,54
DA:274,54
DA:275,54
DA:276,54
DA:277,54
DA:280,54
DA:281,54
DA:283,54
DA:284,54
DA:285,54
DA:286,54
DA:289,54
DA:290,54
DA:292,54
DA:293,54
DA:294,54
DA:295,54
DA:298,54
DA:300,4
DA:301,50
DA:303,0
DA:304,50
DA:306,6
DA:307,44
DA:309,0
DA:310,44
DA:312,0
DA:313,44
DA:315,4
DA:316,40
DA:318,0
DA:320,40
DA:322,228
DA:323,0
DA:327,297
DA:328,293
DA:330,53
DA:331,53
DA:333,53
DA:334,53
DA:335,53
DA:336,53
DA:338,53
DA:340,6
DA:341,47
DA:343,0
DA:344,47
DA:345,240
DA:346,4
DA:358,2
LF:185
LH:163
BRDA:10,0,0,0
BRDA:43,1,0,5
BRDA:43,1,1,293
BRDA:57,2,0,294
BRDA:57,2,1,4
BRDA:58,3,0,294
BRDA:58,3,1,253
BRDA:63,4,0,0
BRDA:64,5,0,123
BRDA:64,5,1,0
BRDA:64,6,0,123
BRDA:64,6,1,123
BRDA:79,7,0,0
BRDA:79,8,0,0
BRDA:81,9,0,300
BRDA:81,9,1,0
BRDA:81,10,0,300
BRDA:81,10,1,300
BRDA:88,11,0,294
BRDA:88,11,1,0
BRDA:89,12,0,100
BRDA:89,12,1,194
BRDA:89,13,0,294
BRDA:89,13,1,201
BRDA:89,13,2,154
BRDA:99,14,0,3
BRDA:99,14,1,97
BRDA:99,15,0,100
BRDA:99,15,1,24
BRDA:102,16,0,2
BRDA:102,16,1,95
BRDA:102,17,0,97
BRDA:102,17,1,19
BRDA:105,18,0,0
BRDA:105,18,1,95
BRDA:105,19,0,95
BRDA:105,19,1,95
BRDA:105,19,2,95
BRDA:122,20,0,296
BRDA:122,20,1,0
BRDA:123,21,0,19
BRDA:123,21,1,277
BRDA:123,22,0,296
BRDA:123,22,1,204
BRDA:123,22,2,198
BRDA:123,22,3,194
BRDA:123,22,4,190
BRDA:127,23,0,6
BRDA:127,23,1,4
BRDA:127,23,2,8
BRDA:127,23,3,5
BRDA:146,24,0,36
BRDA:146,24,1,162
BRDA:157,25,0,89
BRDA:157,25,1,0
BRDA:179,26,0,0
BRDA:179,26,1,89
BRDA:179,27,0,89
BRDA:179,27,1,89
BRDA:179,27,2,0
BRDA:187,28,0,89
BRDA:187,28,1,0
BRDA:199,29,0,0
BRDA:199,29,1,89
BRDA:208,30,0,286
BRDA:208,30,1,0
BRDA:209,31,0,88
BRDA:209,31,1,198
BRDA:209,32,0,286
BRDA:209,32,1,194
BRDA:209,32,2,192
BRDA:212,33,0,88
BRDA:212,33,1,88
BRDA:220,34,0,281
BRDA:220,34,1,0
BRDA:221,35,0,4
BRDA:221,35,1,277
BRDA:221,36,0,281
BRDA:221,36,1,189
BRDA:226,37,0,4
BRDA:226,37,1,8
BRDA:237,38,0,280
BRDA:237,38,1,0
BRDA:238,39,0,2
BRDA:238,39,1,278
BRDA:238,40,0,280
BRDA:238,40,1,188
BRDA:248,41,0,0
BRDA:248,41,1,2
BRDA:248,42,0,2
BRDA:248,42,1,2
BRDA:251,43,0,0
BRDA:251,43,1,2
BRDA:251,44,0,2
BRDA:251,44,1,0
BRDA:254,45,0,2
BRDA:254,45,1,0
BRDA:254,46,0,2
BRDA:254,46,1,2
BRDA:254,46,2,2
BRDA:268,47,0,282
BRDA:268,47,1,0
BRDA:269,48,0,54
BRDA:269,48,1,228
BRDA:269,49,0,282
BRDA:269,49,1,189
BRDA:298,50,0,4
BRDA:298,50,1,50
BRDA:298,51,0,54
BRDA:298,51,1,10
BRDA:298,51,2,10
BRDA:301,52,0,0
BRDA:301,52,1,50
BRDA:301,53,0,50
BRDA:301,53,1,50
BRDA:301,53,2,50
BRDA:304,54,0,6
BRDA:304,54,1,44
BRDA:304,55,0,50
BRDA:304,55,1,14
BRDA:304,55,2,8
BRDA:307,56,0,0
BRDA:307,56,1,44
BRDA:307,57,0,44
BRDA:307,57,1,44
BRDA:307,57,2,44
BRDA:310,58,0,0
BRDA:310,58,1,44
BRDA:310,59,0,44
BRDA:310,59,1,38
BRDA:310,59,2,16
BRDA:313,60,0,4
BRDA:313,60,1,40
BRDA:313,61,0,44
BRDA:313,61,1,10
BRDA:316,62,0,0
BRDA:316,62,1,40
BRDA:316,63,0,40
BRDA:316,63,1,34
BRDA:316,63,2,34
BRDA:327,64,0,293
BRDA:327,64,1,4
BRDA:328,65,0,53
BRDA:328,65,1,240
BRDA:328,66,0,293
BRDA:328,66,1,201
BRDA:338,67,0,6
BRDA:338,67,1,47
BRDA:338,68,0,53
BRDA:338,68,1,16
BRDA:338,68,2,10
BRDA:341,69,0,0
BRDA:341,69,1,47
BRDA:341,70,0,47
BRDA:341,70,1,47
BRDA:341,70,2,47
BRF:156
BRH:129
end_of_record
